<?xml version="1.0" encoding="UTF-8"?>
<!-- Generated by org.testng.reporters.JUnitReportReporter -->
<testsuite hostname="DESKTOP-Q3KIBVF" failures="0" tests="2" name="AnTESTNGClass.demo2" time="0.016" errors="0" timestamp="2024-12-17T15:16:25 IST" skipped="0">
  <testcase classname="AnTESTNGClass.demo2" name="method4" time="0.014"/>
  <system-out/>
  <testcase classname="AnTESTNGClass.demo2" name="method3" time="0.002"/>
  <system-out/>
</testsuite> <!-- AnTESTNGClass.demo2 -->
