<?xml version="1.0" encoding="UTF-8"?>
<!-- Generated by org.testng.reporters.JUnitReportReporter -->
<testsuite hostname="DESKTOP-Q3KIBVF" failures="0" tests="1" name="AnTESTNGClass.parameter" time="22.451" errors="0" timestamp="2024-12-17T21:10:20 IST" skipped="0">
  <testcase classname="AnTESTNGClass.parameter" name="method" time="22.451"/>
  <system-out/>
</testsuite> <!-- AnTESTNGClass.parameter -->
