<?xml version="1.0" encoding="UTF-8"?>
<!-- Generated by org.testng.reporters.JUnitReportReporter -->
<testsuite hostname="DESKTOP-Q3KIBVF" failures="0" tests="1" name="TestCases.verifylogin" time="11.710" errors="0" timestamp="2024-12-25T09:37:31 IST" skipped="0">
  <testcase classname="TestCases.verifylogin" name="loginwithvaliddata" time="11.710"/>
  <system-out/>
</testsuite> <!-- TestCases.verifylogin -->
