<?xml version="1.0" encoding="UTF-8"?>
<!-- Generated by org.testng.reporters.JUnitReportReporter -->
<testsuite hostname="DESKTOP-Q3KIBVF" failures="0" tests="1" name="AnTESTNGClass.AsserSoft" time="14.336" errors="0" timestamp="2024-12-17T22:39:02 IST" skipped="0">
  <testcase classname="AnTESTNGClass.AsserSoft" name="verifylogine" time="14.336"/>
  <system-out/>
</testsuite> <!-- AnTESTNGClass.AsserSoft -->
