<?xml version="1.0" encoding="UTF-8"?>
<!-- Generated by org.testng.reporters.JUnitReportReporter -->
<testsuite hostname="DESKTOP-Q3KIBVF" failures="0" tests="1" name="AnTESTNGClass.teestng" time="0.030" errors="0" timestamp="2024-12-17T11:33:55 IST" skipped="0">
  <testcase classname="AnTESTNGClass.teestng" name="method1" time="0.030"/>
  <system-out/>
</testsuite> <!-- AnTESTNGClass.teestng -->
