<?xml version="1.0" encoding="UTF-8"?>
<!-- Generated by org.testng.reporters.JUnitReportReporter -->
<testsuite hostname="DESKTOP-Q3KIBVF" failures="0" tests="2" name="TestCases.verifyragistration" time="34.643" errors="0" timestamp="2024-12-25T09:37:31 IST" skipped="0">
  <testcase classname="TestCases.verifyragistration" name="verifyregestrationblankdetails" time="16.437"/>
  <system-out/>
  <testcase classname="TestCases.verifyragistration" name="verifyragistrationpage" time="18.206"/>
  <system-out/>
</testsuite> <!-- TestCases.verifyragistration -->
