<?xml version="1.0" encoding="UTF-8"?>
<!-- Generated by org.testng.reporters.JUnitReportReporter -->
<testsuite hostname="DESKTOP-Q3KIBVF" failures="0" tests="3" name="AnTESTNGClass.prioritydemo" time="0.031" errors="0" timestamp="2024-12-17T14:24:13 IST" skipped="0">
  <testcase classname="AnTESTNGClass.prioritydemo" name="verifyrajistration" time="0.022"/>
  <system-out/>
  <testcase classname="AnTESTNGClass.prioritydemo" name="verifylogin" time="0.003"/>
  <system-out/>
  <testcase classname="AnTESTNGClass.prioritydemo" name="verifylogout" time="0.006"/>
  <system-out/>
</testsuite> <!-- AnTESTNGClass.prioritydemo -->
