<?xml version="1.0" encoding="UTF-8"?>
<!-- Generated by org.testng.reporters.JUnitReportReporter -->
<testsuite hostname="DESKTOP-Q3KIBVF" failures="0" tests="2" name="AnTESTNGClass.demo1" time="0.018" errors="0" timestamp="2024-12-17T15:16:25 IST" skipped="0">
  <testcase classname="AnTESTNGClass.demo1" name="method2" time="0.003"/>
  <system-out/>
  <testcase classname="AnTESTNGClass.demo1" name="method1" time="0.015"/>
  <system-out/>
</testsuite> <!-- AnTESTNGClass.demo1 -->
