<?xml version="1.0" encoding="UTF-8"?>
<!-- Generated by org.testng.reporters.JUnitReportReporter -->
<testsuite hostname="DESKTOP-Q3KIBVF" failures="0" tests="1" name="TestCases.AddToCartTestcase" time="20.915" errors="0" timestamp="2024-12-25T09:14:28 IST" skipped="0">
  <testcase classname="TestCases.AddToCartTestcase" name="AddtoCartTestcase" time="20.915"/>
  <system-out/>
</testsuite> <!-- TestCases.AddToCartTestcase -->
