<?xml version="1.0" encoding="UTF-8"?>
<!-- Generated by org.testng.reporters.JUnitReportReporter -->
<testsuite hostname="DESKTOP-Q3KIBVF" failures="0" tests="1" name="AnTESTNGClass.groups" time="0.017" errors="0" timestamp="2024-12-17T15:14:18 IST" skipped="0">
  <testcase classname="AnTESTNGClass.groups" name="verifylogin" time="0.017"/>
  <system-out/>
</testsuite> <!-- AnTESTNGClass.groups -->
