<?xml version="1.0" encoding="UTF-8"?>
<!-- Generated by org.testng.reporters.JUnitReportReporter -->
<testsuite hostname="DESKTOP-Q3KIBVF" failures="0" tests="3" name="AnTESTNGClass.depandson" time="0.028" errors="0" timestamp="2024-12-17T14:26:22 IST" skipped="0">
  <testcase classname="AnTESTNGClass.depandson" name="verifylogin" time="0.007"/>
  <system-out/>
  <testcase classname="AnTESTNGClass.depandson" name="verifylogout" time="0.019"/>
  <system-out/>
  <testcase classname="AnTESTNGClass.depandson" name="verifyrajistration" time="0.002"/>
  <system-out/>
</testsuite> <!-- AnTESTNGClass.depandson -->
